<?xml version="1.0" encoding="UTF-8"?>
<!-- Generated by org.testng.reporters.JUnitReportReporter -->
<testsuite hostname="LAPTOP-8KRTOEFT" failures="0" tests="1" name="com.ddf.utils.temp_prop" time="0.010" errors="0" timestamp="2021-10-11T14:30:44 IST" skipped="0">
  <testcase classname="com.ddf.utils.temp_prop" name="readprop" time="0.010"/>
  <system-out/>
</testsuite> <!-- com.ddf.utils.temp_prop -->
