<?xml version="1.0" encoding="UTF-8"?>
<!-- Generated by org.testng.reporters.JUnitReportReporter -->
<testsuite hostname="LAPTOP-8KRTOEFT" failures="0" tests="1" name="com.ddf.test.LoginTest.loginTest_v6" time="49.153" errors="0" timestamp="2021-10-11T14:52:50 IST" skipped="0">
  <testcase classname="com.ddf.test.LoginTest.loginTest_v6" name="testOne" time="49.153"/>
  <system-out/>
</testsuite> <!-- com.ddf.test.LoginTest.loginTest_v6 -->
