<?xml version="1.0" encoding="UTF-8"?>
<!-- Generated by org.testng.reporters.JUnitReportReporter -->
<testsuite hostname="LAPTOP-8KRTOEFT" failures="0" tests="1" name="com.ddf.utils.DateUtils" time="0.049" errors="0" timestamp="2021-10-09T15:40:52 IST" skipped="0">
  <testcase classname="com.ddf.utils.DateUtils" name="chk" time="0.049"/>
  <system-out/>
</testsuite> <!-- com.ddf.utils.DateUtils -->
