<?xml version="1.0" encoding="UTF-8"?>
<!-- Generated by org.testng.reporters.JUnitReportReporter -->
<testsuite hostname="LAPTOP-8KRTOEFT" failures="0" tests="2" name="com.ddf.test.LoginTest.loginTest_v1" time="120.960" errors="0" timestamp="2021-10-09T11:36:35 IST" skipped="0">
  <testcase classname="com.ddf.test.LoginTest.loginTest_v1" name="testOne" time="68.836"/>
  <system-out/>
  <testcase classname="com.ddf.test.LoginTest.loginTest_v1" name="testTwo" time="52.124"/>
  <system-out/>
</testsuite> <!-- com.ddf.test.LoginTest.loginTest_v1 -->
